Using pre-set license
Built from '2020.2/staging' branch; Version is '2020.2.3f1 (8ff31bc5bf5b) revision 9433883'; Using compiler version '192528614'; Build Type 'Release'
OS: 'Windows 10 Home; OS build 19042.1052; Version 2009; 64bit' Language: 'ru' Physical Memory: 15741 MB
BatchMode: 1, IsHumanControllingUs: 0, StartBugReporterOnCrash: 0, Is64bit: 1, IsPro: 0

 COMMAND LINE ARGUMENTS:
C:\Program Files\Unity\Hub\Editor\2020.2.3f1\Editor\Unity.exe
-adb2
-batchMode
-noUpm
-name
AssetImportWorker0
-projectPath
C:/Users/Acer/source/repos/Game1
-logFile
Logs/AssetImportWorker0.log
-srvPort
53444
Successfully changed project path to: C:/Users/Acer/source/repos/Game1
C:/Users/Acer/source/repos/Game1
Using Asset Import Pipeline V2.
Refreshing native plugins compatible for Editor in 72.20 ms, found 0 plugins.
Preloading 0 native plugins for Editor in 0.00 ms.
Initialize engine version: 2020.2.3f1 (8ff31bc5bf5b)
[Subsystems] Discovering subsystems at path C:/Program Files/Unity/Hub/Editor/2020.2.3f1/Editor/Data/Resources/UnitySubsystems
[Subsystems] Discovering subsystems at path C:/Users/Acer/source/repos/Game1/Assets
GfxDevice: creating device client; threaded=0
Direct3D:
    Version:  Direct3D 11.0 [level 11.1]
    Renderer: NVIDIA GeForce GTX 1650 Ti (ID=0x1f95)
    Vendor:   
    VRAM:     3962 MB
    Driver:   27.21.14.5167
Initialize mono
Mono path[0] = 'C:/Program Files/Unity/Hub/Editor/2020.2.3f1/Editor/Data/Managed'
Mono path[1] = 'C:/Program Files/Unity/Hub/Editor/2020.2.3f1/Editor/Data/MonoBleedingEdge/lib/mono/unityjit'
Mono config path = 'C:/Program Files/Unity/Hub/Editor/2020.2.3f1/Editor/Data/MonoBleedingEdge/etc'
Using monoOptions --debugger-agent=transport=dt_socket,embedding=1,server=y,suspend=n,address=127.0.0.1:56760
Begin MonoManager ReloadAssembly
Registering precompiled unity dll's ...
Register platform support module: C:/Program Files/Unity/Hub/Editor/2020.2.3f1/Editor/Data/PlaybackEngines/WindowsStandaloneSupport/UnityEditor.WindowsStandalone.Extensions.dll
Registered in 0.001691 seconds.
Native extension for WindowsStandalone target not found
Refreshing native plugins compatible for Editor in 64.99 ms, found 0 plugins.
Preloading 0 native plugins for Editor in 0.00 ms.
Invoked RoslynAnalysisRunner static constructor.
RoslynAnalysisRunner will not be running.
RoslynAnalysisRunner has terminated.
Mono: successfully reloaded assembly
- Completed reload, in  1.016 seconds
Platform modules already initialized, skipping
Registering precompiled user dll's ...
Registered in 0.006653 seconds.
Begin MonoManager ReloadAssembly
Native extension for WindowsStandalone target not found
Refreshing native plugins compatible for Editor in 67.52 ms, found 0 plugins.
Preloading 0 native plugins for Editor in 0.00 ms.
Invoked RoslynAnalysisRunner static constructor.
RoslynAnalysisRunner will not be running.
RoslynAnalysisRunner has terminated.
Mono: successfully reloaded assembly
- Completed reload, in  0.941 seconds
Platform modules already initialized, skipping
========================================================================
Worker process is ready to serve import requests
Launched and connected shader compiler UnityShaderCompiler.exe after 0.04 seconds
Refreshing native plugins compatible for Editor in 0.83 ms, found 0 plugins.
Preloading 0 native plugins for Editor in 0.00 ms.
Unloading 1755 Unused Serialized files (Serialized files now loaded: 0)
System memory in use before: 103.9 MB.
System memory in use after: 103.6 MB.

Unloading 47 unused Assets to reduce memory usage. Loaded Objects now: 2195.
Total: 3.465200 ms (FindLiveObjects: 0.572300 ms CreateObjectMapping: 0.128200 ms MarkObjects: 2.441200 ms  DeleteObjects: 0.320700 ms)

========================================================================
Received Import Request.
  path: Assets/Prefabs/Cleaned Metal Barrel.prefab
  artifactKey: Guid(0c98d7614bb5ca64e881e767a8ed2d10) Importer(815301076,1909f56bfc062723c751e8b465ee728b)
Start importing Assets/Prefabs/Cleaned Metal Barrel.prefab using Guid(0c98d7614bb5ca64e881e767a8ed2d10) Importer(815301076,1909f56bfc062723c751e8b465ee728b)  -> (artifact id: '1ff8a3226637dd016b5691dbd181e26c') in 0.046481 seconds
  Import took 0.050153 seconds .

========================================================================
Received Import Request.
  Time since last request: 15.273602 seconds.
  path: Assets/Prefabs/Cleaned Metal Barrel.prefab
  artifactKey: Guid(0c98d7614bb5ca64e881e767a8ed2d10) Importer(815301076,1909f56bfc062723c751e8b465ee728b)
Start importing Assets/Prefabs/Cleaned Metal Barrel.prefab using Guid(0c98d7614bb5ca64e881e767a8ed2d10) Importer(815301076,1909f56bfc062723c751e8b465ee728b)  -> (artifact id: 'f388eafe129f3364e9d7f3cf19c08918') in 0.065378 seconds
  Import took 0.070070 seconds .

========================================================================
Received Import Request.
  Time since last request: 43.181839 seconds.
  path: Assets/Free Metal Barrel Model Pack/Source/Materials/Metal Barrel Grey 2.mat
  artifactKey: Guid(def12ffd8314f6342ab2b0310315f5d8) Importer(815301076,1909f56bfc062723c751e8b465ee728b)
Start importing Assets/Free Metal Barrel Model Pack/Source/Materials/Metal Barrel Grey 2.mat using Guid(def12ffd8314f6342ab2b0310315f5d8) Importer(815301076,1909f56bfc062723c751e8b465ee728b)  -> (artifact id: 'e9bd9cf42d8ff65bc5db5a7f0ad24b4c') in 0.035899 seconds
  Import took 0.039419 seconds .

========================================================================
Received Import Request.
  Time since last request: 0.008908 seconds.
  path: Assets/Standard Assets/PhysicsMaterials/Metal.physicmaterial
  artifactKey: Guid(01571ba68fb2dad46aa03094ab219579) Importer(815301076,1909f56bfc062723c751e8b465ee728b)
Start importing Assets/Standard Assets/PhysicsMaterials/Metal.physicmaterial using Guid(01571ba68fb2dad46aa03094ab219579) Importer(815301076,1909f56bfc062723c751e8b465ee728b)  -> (artifact id: '4ae58a88c47b287b1b4beedacf547eb8') in 0.010719 seconds
  Import took 0.014274 seconds .

========================================================================
Received Import Request.
  Time since last request: 0.012012 seconds.
  path: Assets/Free Metal Barrel Model Pack/Source/Textures/Barrel Texture 3.jpg
  artifactKey: Guid(1e72b806eb60a5c4ba6434e01b893f25) Importer(815301076,1909f56bfc062723c751e8b465ee728b)
Start importing Assets/Free Metal Barrel Model Pack/Source/Textures/Barrel Texture 3.jpg using Guid(1e72b806eb60a5c4ba6434e01b893f25) Importer(815301076,1909f56bfc062723c751e8b465ee728b)  -> (artifact id: '98c56e922866b692cc203241eaca0e8d') in 0.045126 seconds
  Import took 0.048856 seconds .

========================================================================
Received Import Request.
  Time since last request: 0.010329 seconds.
  path: Assets/Free Metal Barrel Model Pack/Source/Textures/Barrel Bump 2.jpg
  artifactKey: Guid(ea9e555f697523d45b742d3ded71dae9) Importer(815301076,1909f56bfc062723c751e8b465ee728b)
Start importing Assets/Free Metal Barrel Model Pack/Source/Textures/Barrel Bump 2.jpg using Guid(ea9e555f697523d45b742d3ded71dae9) Importer(815301076,1909f56bfc062723c751e8b465ee728b)  -> (artifact id: 'a9c3d02345d180c7029d6f0a9f7d2e18') in 0.013287 seconds
  Import took 0.016568 seconds .

========================================================================
Received Import Request.
  Time since last request: 0.016286 seconds.
  path: Assets/Free Metal Barrel Model Pack/Source/Model Base/MetalBarrel (1).FBX
  artifactKey: Guid(579c290a20a401147a4c5cdb17a7ae66) Importer(815301076,1909f56bfc062723c751e8b465ee728b)
Start importing Assets/Free Metal Barrel Model Pack/Source/Model Base/MetalBarrel (1).FBX using Guid(579c290a20a401147a4c5cdb17a7ae66) Importer(815301076,1909f56bfc062723c751e8b465ee728b)  -> (artifact id: 'f6cea692270200a88c92340274362199') in 0.042498 seconds
  Import took 0.046094 seconds .

========================================================================
Received Import Request.
  Time since last request: 0.010640 seconds.
  path: Assets/Free Metal Barrel Model Pack/Source/Model Base/Materials/MetalBarrel (1)-01 - Default.mat
  artifactKey: Guid(7c0b481e9b4c3d74b85b30147f2f5687) Importer(815301076,1909f56bfc062723c751e8b465ee728b)
Start importing Assets/Free Metal Barrel Model Pack/Source/Model Base/Materials/MetalBarrel (1)-01 - Default.mat using Guid(7c0b481e9b4c3d74b85b30147f2f5687) Importer(815301076,1909f56bfc062723c751e8b465ee728b)  -> (artifact id: 'caee0694411f865a86b864346bd64e13') in 0.011039 seconds
  Import took 0.014348 seconds .

========================================================================
Received Prepare
Registering precompiled user dll's ...
Registered in 0.007465 seconds.
Begin MonoManager ReloadAssembly
Native extension for WindowsStandalone target not found
Refreshing native plugins compatible for Editor in 1.05 ms, found 0 plugins.
Preloading 0 native plugins for Editor in 0.00 ms.
Invoked RoslynAnalysisRunner static constructor.
RoslynAnalysisRunner will not be running.
RoslynAnalysisRunner has terminated.
Mono: successfully reloaded assembly
- Completed reload, in  0.799 seconds
Platform modules already initialized, skipping
Refreshing native plugins compatible for Editor in 0.81 ms, found 0 plugins.
Preloading 0 native plugins for Editor in 0.00 ms.
Unloading 1727 Unused Serialized files (Serialized files now loaded: 0)
System memory in use before: 105.5 MB.
System memory in use after: 105.3 MB.

Unloading 38 unused Assets to reduce memory usage. Loaded Objects now: 2243.
Total: 3.018900 ms (FindLiveObjects: 0.247800 ms CreateObjectMapping: 0.043800 ms MarkObjects: 2.415200 ms  DeleteObjects: 0.310500 ms)

========================================================================
Received Prepare
Registering precompiled user dll's ...
Registered in 0.005772 seconds.
Begin MonoManager ReloadAssembly
Native extension for WindowsStandalone target not found
Refreshing native plugins compatible for Editor in 0.83 ms, found 0 plugins.
Preloading 0 native plugins for Editor in 0.00 ms.
Invoked RoslynAnalysisRunner static constructor.
RoslynAnalysisRunner will not be running.
RoslynAnalysisRunner has terminated.
Mono: successfully reloaded assembly
- Completed reload, in  0.793 seconds
Platform modules already initialized, skipping
Refreshing native plugins compatible for Editor in 0.82 ms, found 0 plugins.
Preloading 0 native plugins for Editor in 0.00 ms.
Unloading 1727 Unused Serialized files (Serialized files now loaded: 0)
System memory in use before: 105.6 MB.
System memory in use after: 105.3 MB.

Unloading 38 unused Assets to reduce memory usage. Loaded Objects now: 2245.
Total: 2.628800 ms (FindLiveObjects: 0.350300 ms CreateObjectMapping: 0.108000 ms MarkObjects: 1.815200 ms  DeleteObjects: 0.353300 ms)

========================================================================
Received Prepare
Registering precompiled user dll's ...
Registered in 0.005686 seconds.
Begin MonoManager ReloadAssembly
Native extension for WindowsStandalone target not found
Refreshing native plugins compatible for Editor in 0.85 ms, found 0 plugins.
Preloading 0 native plugins for Editor in 0.00 ms.
Invoked RoslynAnalysisRunner static constructor.
RoslynAnalysisRunner will not be running.
RoslynAnalysisRunner has terminated.
Mono: successfully reloaded assembly
- Completed reload, in  0.816 seconds
Platform modules already initialized, skipping
Refreshing native plugins compatible for Editor in 0.85 ms, found 0 plugins.
Preloading 0 native plugins for Editor in 0.00 ms.
Unloading 1727 Unused Serialized files (Serialized files now loaded: 0)
System memory in use before: 105.6 MB.
System memory in use after: 105.4 MB.

Unloading 38 unused Assets to reduce memory usage. Loaded Objects now: 2247.
Total: 3.126800 ms (FindLiveObjects: 0.367000 ms CreateObjectMapping: 0.114400 ms MarkObjects: 2.290500 ms  DeleteObjects: 0.353000 ms)

AssetImportWorkerClient::OnTransportError - code=2 error=End of file
