Using pre-set license
Built from '2020.2/staging' branch; Version is '2020.2.3f1 (8ff31bc5bf5b) revision 9433883'; Using compiler version '192528614'; Build Type 'Release'
OS: 'Windows 10 Pro; OS build 19041.746; Version 2004; 64bit' Language: 'ru' Physical Memory: 8060 MB
BatchMode: 1, IsHumanControllingUs: 0, StartBugReporterOnCrash: 0, Is64bit: 1, IsPro: 0

 COMMAND LINE ARGUMENTS:
C:\Program Files\Unity\Hub\Editor\2020.2.3f1\Editor\Unity.exe
-adb2
-batchMode
-noUpm
-name
AssetImportWorker1
-projectPath
C:/Users/Sergey/Documents/GitHub/Game1
-logFile
Logs/AssetImportWorker1.log
-srvPort
51020
Successfully changed project path to: C:/Users/Sergey/Documents/GitHub/Game1
C:/Users/Sergey/Documents/GitHub/Game1
Using Asset Import Pipeline V2.
Refreshing native plugins compatible for Editor in 548.67 ms, found 0 plugins.
Preloading 0 native plugins for Editor in 0.00 ms.
Initialize engine version: 2020.2.3f1 (8ff31bc5bf5b)
[Subsystems] Discovering subsystems at path C:/Program Files/Unity/Hub/Editor/2020.2.3f1/Editor/Data/Resources/UnitySubsystems
[Subsystems] Discovering subsystems at path C:/Users/Sergey/Documents/GitHub/Game1/Assets
GfxDevice: creating device client; threaded=0
Direct3D:
    Version:  Direct3D 11.0 [level 11.0]
    Renderer: NVIDIA GeForce 940MX (ID=0x179c)
    Vendor:   
    VRAM:     2019 MB
    Driver:   22.21.13.8494
Initialize mono
Mono path[0] = 'C:/Program Files/Unity/Hub/Editor/2020.2.3f1/Editor/Data/Managed'
Mono path[1] = 'C:/Program Files/Unity/Hub/Editor/2020.2.3f1/Editor/Data/MonoBleedingEdge/lib/mono/unityjit'
Mono config path = 'C:/Program Files/Unity/Hub/Editor/2020.2.3f1/Editor/Data/MonoBleedingEdge/etc'
Using monoOptions --debugger-agent=transport=dt_socket,embedding=1,server=y,suspend=n,address=127.0.0.1:56612
Begin MonoManager ReloadAssembly
Registering precompiled unity dll's ...
Register platform support module: C:/Program Files/Unity/Hub/Editor/2020.2.3f1/Editor/Data/PlaybackEngines/WindowsStandaloneSupport/UnityEditor.WindowsStandalone.Extensions.dll
Registered in 0.004028 seconds.
Native extension for WindowsStandalone target not found
Refreshing native plugins compatible for Editor in 112.98 ms, found 0 plugins.
Preloading 0 native plugins for Editor in 0.00 ms.
Invoked RoslynAnalysisRunner static constructor.
RoslynAnalysisRunner will not be running.
RoslynAnalysisRunner has terminated.
Mono: successfully reloaded assembly
- Completed reload, in  2.473 seconds
Platform modules already initialized, skipping
Registering precompiled user dll's ...
Registered in 0.016351 seconds.
Begin MonoManager ReloadAssembly
Native extension for WindowsStandalone target not found
Refreshing native plugins compatible for Editor in 109.68 ms, found 0 plugins.
Preloading 0 native plugins for Editor in 0.00 ms.
Invoked RoslynAnalysisRunner static constructor.
RoslynAnalysisRunner will not be running.
RoslynAnalysisRunner has terminated.
Mono: successfully reloaded assembly
- Completed reload, in  2.029 seconds
Platform modules already initialized, skipping
========================================================================
Worker process is ready to serve import requests
Launched and connected shader compiler UnityShaderCompiler.exe after 0.78 seconds
Refreshing native plugins compatible for Editor in 1.55 ms, found 0 plugins.
Preloading 0 native plugins for Editor in 0.00 ms.
Unloading 1821 Unused Serialized files (Serialized files now loaded: 0)
System memory in use before: 105.6 MB.
System memory in use after: 105.3 MB.

Unloading 54 unused Assets to reduce memory usage. Loaded Objects now: 2254.
Total: 3.704500 ms (FindLiveObjects: 1.075500 ms CreateObjectMapping: 0.211600 ms MarkObjects: 1.783200 ms  DeleteObjects: 0.632600 ms)

========================================================================
Received Import Request.
  path: Assets/HelloWorld_Example1/Npcs/PeaceKeeper/PeaceKeeper.npc
  artifactKey: Guid(7c89a373e04116846bb8841215d406e9) Importer(815301076,1909f56bfc062723c751e8b465ee728b)
Start importing Assets/HelloWorld_Example1/Npcs/PeaceKeeper/PeaceKeeper.npc using Guid(7c89a373e04116846bb8841215d406e9) Importer(815301076,1909f56bfc062723c751e8b465ee728b)  -> (artifact id: 'c7f91b47ed71aaa5ab93d72064e4b983') in 0.781372 seconds
  Import took 0.953194 seconds .

========================================================================
Received Import Request.
  Time since last request: 0.000377 seconds.
  path: Assets/HelloWorld_Example1/Npcs/PeaceKeeper/PeaceKeeper.npc
  artifactKey: Guid(7c89a373e04116846bb8841215d406e9) Importer(815301076,1909f56bfc062723c751e8b465ee728b)
Start importing Assets/HelloWorld_Example1/Npcs/PeaceKeeper/PeaceKeeper.npc using Guid(7c89a373e04116846bb8841215d406e9) Importer(815301076,1909f56bfc062723c751e8b465ee728b)  -> (artifact id: 'c7f91b47ed71aaa5ab93d72064e4b983') in 0.007341 seconds
  Import took 0.011945 seconds .

========================================================================
Received Prepare
Registering precompiled user dll's ...
Registered in 0.017197 seconds.
Begin MonoManager ReloadAssembly
Native extension for WindowsStandalone target not found
Refreshing native plugins compatible for Editor in 90.22 ms, found 0 plugins.
Preloading 0 native plugins for Editor in 0.00 ms.
Invoked RoslynAnalysisRunner static constructor.
RoslynAnalysisRunner will not be running.
RoslynAnalysisRunner has terminated.
Mono: successfully reloaded assembly
- Completed reload, in  1.616 seconds
Platform modules already initialized, skipping
Refreshing native plugins compatible for Editor in 4.65 ms, found 0 plugins.
Preloading 0 native plugins for Editor in 0.00 ms.
Unloading 1793 Unused Serialized files (Serialized files now loaded: 0)
System memory in use before: 103.7 MB.
System memory in use after: 103.5 MB.

Unloading 45 unused Assets to reduce memory usage. Loaded Objects now: 2256.
Total: 5.855300 ms (FindLiveObjects: 0.416000 ms CreateObjectMapping: 0.498400 ms MarkObjects: 4.270800 ms  DeleteObjects: 0.667600 ms)

AssetImportWorkerClient::OnTransportError - code=2 error=End of file
